<?xml version="1.0" encoding="UTF-8"?>
<testsuite name="edu.wofford.woclo.ArgumentParserTest" tests="2" skipped="0" failures="0" errors="0" timestamp="2021-10-15T02:36:00" hostname="MacBook-Air-5.local" time="0.171">
  <properties/>
  <testcase name="testArgumentParserOneArg()" classname="edu.wofford.woclo.ArgumentParserTest" time="0.162"/>
  <testcase name="testArgumentParserTwoArg()" classname="edu.wofford.woclo.ArgumentParserTest" time="0.008"/>
  <system-out><![CDATA[]]></system-out>
  <system-err><![CDATA[]]></system-err>
</testsuite>
