<?xml version="1.0" encoding="UTF-8"?>
<testsuite name="edu.wofford.woclo.ArgumentParserTest" tests="9" skipped="0" failures="0" errors="0" timestamp="2021-10-26T23:56:56" hostname="Emilys-Air-4.wofford.int" time="0.085">
  <properties/>
  <testcase name="testWrongTypeExceptionInt()" classname="edu.wofford.woclo.ArgumentParserTest" time="0.047"/>
  <testcase name="testGetFloat()" classname="edu.wofford.woclo.ArgumentParserTest" time="0.014"/>
  <testcase name="testWrongTypeExceptionFloat()" classname="edu.wofford.woclo.ArgumentParserTest" time="0.001"/>
  <testcase name="testHelp()" classname="edu.wofford.woclo.ArgumentParserTest" time="0.001"/>
  <testcase name="testArgumentParserTwoArg()" classname="edu.wofford.woclo.ArgumentParserTest" time="0.003"/>
  <testcase name="testNumWordsNotExpected()" classname="edu.wofford.woclo.ArgumentParserTest" time="0.002"/>
  <testcase name="testGetInt()" classname="edu.wofford.woclo.ArgumentParserTest" time="0.002"/>
  <testcase name="testArgumentParserNoArg()" classname="edu.wofford.woclo.ArgumentParserTest" time="0.001"/>
  <testcase name="testNumArgs()" classname="edu.wofford.woclo.ArgumentParserTest" time="0.0"/>
  <system-out><![CDATA[]]></system-out>
  <system-err><![CDATA[]]></system-err>
</testsuite>
