<?xml version="1.0" encoding="UTF-8"?>
<testsuite name="edu.wofford.woclo.ArgumentParserTest" tests="59" skipped="0" failures="0" errors="0" timestamp="2021-12-07T00:47:55" hostname="Emilys-Air-4.wofford.int" time="0.313">
  <properties/>
  <testcase name="testWrongTypeExceptionInt()" classname="edu.wofford.woclo.ArgumentParserTest" time="0.054"/>
  <testcase name="testPositionalNotAcceptedException()" classname="edu.wofford.woclo.ArgumentParserTest" time="0.001"/>
  <testcase name="testArgumentNameNotSpecifiedException()" classname="edu.wofford.woclo.ArgumentParserTest" time="0.003"/>
  <testcase name="testGetValueWantingAcceptedFloat()" classname="edu.wofford.woclo.ArgumentParserTest" time="0.001"/>
  <testcase name="testAcceptedValues()" classname="edu.wofford.woclo.ArgumentParserTest" time="0.002"/>
  <testcase name="testGetValueWantingAcceptedInt()" classname="edu.wofford.woclo.ArgumentParserTest" time="0.001"/>
  <testcase name="testShortNamedArguments()" classname="edu.wofford.woclo.ArgumentParserTest" time="0.001"/>
  <testcase name="testNotStackedAcceptedInt()" classname="edu.wofford.woclo.ArgumentParserTest" time="0.001"/>
  <testcase name="testNotStackedWrongTypeExceptionFloat()" classname="edu.wofford.woclo.ArgumentParserTest" time="0.001"/>
  <testcase name="testNotStackedNoValueException()" classname="edu.wofford.woclo.ArgumentParserTest" time="0.001"/>
  <testcase name="testNonPositionalFloat()" classname="edu.wofford.woclo.ArgumentParserTest" time="0.001"/>
  <testcase name="testWrongTypeExceptionFloat()" classname="edu.wofford.woclo.ArgumentParserTest" time="0.001"/>
  <testcase name="testXMLAllArgTypes()" classname="edu.wofford.woclo.ArgumentParserTest" time="0.082"/>
  <testcase name="testNamedArgumentsNotGiven()" classname="edu.wofford.woclo.ArgumentParserTest" time="0.0"/>
  <testcase name="testNamedArgsAllGiven()" classname="edu.wofford.woclo.ArgumentParserTest" time="0.002"/>
  <testcase name="testGivenOtherThanFloatNamed()" classname="edu.wofford.woclo.ArgumentParserTest" time="0.003"/>
  <testcase name="testHelp()" classname="edu.wofford.woclo.ArgumentParserTest" time="0.001"/>
  <testcase name="testLongNameAcceptedValuesIntsException()" classname="edu.wofford.woclo.ArgumentParserTest" time="0.001"/>
  <testcase name="testGetValueNamedInt()" classname="edu.wofford.woclo.ArgumentParserTest" time="0.003"/>
  <testcase name="testNotStackedAcceptedString()" classname="edu.wofford.woclo.ArgumentParserTest" time="0.0"/>
  <testcase name="testUnacceptedValuesPositional()" classname="edu.wofford.woclo.ArgumentParserTest" time="0.001"/>
  <testcase name="testGetShortName()" classname="edu.wofford.woclo.ArgumentParserTest" time="0.0"/>
  <testcase name="testPositionalAcceptedStrings()" classname="edu.wofford.woclo.ArgumentParserTest" time="0.0"/>
  <testcase name="testGetValueOptionalArgumentWrongValueInt()" classname="edu.wofford.woclo.ArgumentParserTest" time="0.004"/>
  <testcase name="testNamedArgsAllGivenUnordered()" classname="edu.wofford.woclo.ArgumentParserTest" time="0.0"/>
  <testcase name="testNotStackedAcceptedFloat()" classname="edu.wofford.woclo.ArgumentParserTest" time="0.001"/>
  <testcase name="testUnacceptedValuesNonPositional()" classname="edu.wofford.woclo.ArgumentParserTest" time="0.003"/>
  <testcase name="testNotStackedString()" classname="edu.wofford.woclo.ArgumentParserTest" time="0.001"/>
  <testcase name="testBooleanFlagsNotLast()" classname="edu.wofford.woclo.ArgumentParserTest" time="0.008"/>
  <testcase name="testGetValueWantingInt()" classname="edu.wofford.woclo.ArgumentParserTest" time="0.001"/>
  <testcase name="testArgumentParserTwoArg()" classname="edu.wofford.woclo.ArgumentParserTest" time="0.001"/>
  <testcase name="testLongNameAcceptedValuesFloatsException()" classname="edu.wofford.woclo.ArgumentParserTest" time="0.001"/>
  <testcase name="testGetArgument()" classname="edu.wofford.woclo.ArgumentParserTest" time="0.004"/>
  <testcase name="testBooleanFlags()" classname="edu.wofford.woclo.ArgumentParserTest" time="0.001"/>
  <testcase name="testNumWordsNotExpected()" classname="edu.wofford.woclo.ArgumentParserTest" time="0.004"/>
  <testcase name="testNotStackedWrongTypeExceptionAcceptedInt()" classname="edu.wofford.woclo.ArgumentParserTest" time="0.002"/>
  <testcase name="testStackedNotSpecifiedException()" classname="edu.wofford.woclo.ArgumentParserTest" time="0.002"/>
  <testcase name="testGetValueWantingFloat()" classname="edu.wofford.woclo.ArgumentParserTest" time="0.001"/>
  <testcase name="testStackedNoValueException()" classname="edu.wofford.woclo.ArgumentParserTest" time="0.0"/>
  <testcase name="testNotStackedWrongTypeExceptionAcceptedFloat()" classname="edu.wofford.woclo.ArgumentParserTest" time="0.0"/>
  <testcase name="testLongNameAcceptedValuesInts()" classname="edu.wofford.woclo.ArgumentParserTest" time="0.001"/>
  <testcase name="testWrongTypeExceptionAcceptedInt()" classname="edu.wofford.woclo.ArgumentParserTest" time="0.002"/>
  <testcase name="testGetValueOptionalArgumentWrongValueFloat()" classname="edu.wofford.woclo.ArgumentParserTest" time="0.001"/>
  <testcase name="testShortNameStacked()" classname="edu.wofford.woclo.ArgumentParserTest" time="0.004"/>
  <testcase name="testNotStackedWrongTypeExceptionInt()" classname="edu.wofford.woclo.ArgumentParserTest" time="0.004"/>
  <testcase name="testWrongTypeExceptionExpectInt()" classname="edu.wofford.woclo.ArgumentParserTest" time="0.001"/>
  <testcase name="testXMLJustNonPositionals()" classname="edu.wofford.woclo.ArgumentParserTest" time="0.004"/>
  <testcase name="testGetValueArgumentWrongValueFloat()" classname="edu.wofford.woclo.ArgumentParserTest" time="0.001"/>
  <testcase name="testGetValueOptionalArgumentFloat()" classname="edu.wofford.woclo.ArgumentParserTest" time="0.0"/>
  <testcase name="testWrongTypeExceptionAcceptedFloat()" classname="edu.wofford.woclo.ArgumentParserTest" time="0.003"/>
  <testcase name="testNoValueException()" classname="edu.wofford.woclo.ArgumentParserTest" time="0.001"/>
  <testcase name="testLongNameAcceptedValuesFloats()" classname="edu.wofford.woclo.ArgumentParserTest" time="0.002"/>
  <testcase name="testArgumentParserNoArg()" classname="edu.wofford.woclo.ArgumentParserTest" time="0.003"/>
  <testcase name="testNotStackedNotSpecifiedException()" classname="edu.wofford.woclo.ArgumentParserTest" time="0.001"/>
  <testcase name="testNotStackedFloat()" classname="edu.wofford.woclo.ArgumentParserTest" time="0.0"/>
  <testcase name="testNotStackedNotAcceptedException()" classname="edu.wofford.woclo.ArgumentParserTest" time="0.0"/>
  <testcase name="testXmlJustPositionals()" classname="edu.wofford.woclo.ArgumentParserTest" time="0.002"/>
  <testcase name="testNumArgs()" classname="edu.wofford.woclo.ArgumentParserTest" time="0.0"/>
  <testcase name="testGetValueArgumentWrongValueInt()" classname="edu.wofford.woclo.ArgumentParserTest" time="0.002"/>
  <system-out><![CDATA[box
pyramid
ellipsoid
box
pyramid
ellipsoid
]]></system-out>
  <system-err><![CDATA[]]></system-err>
</testsuite>
