<?xml version="1.0" encoding="UTF-8"?>
<testsuite name="edu.wofford.woclo.ArgumentParserTest" tests="2" skipped="0" failures="0" errors="0" timestamp="2021-10-15T17:22:50" hostname="Emilys-Air-4.wofford.int" time="0.117">
  <properties/>
  <testcase name="testArgumentParserOneArg()" classname="edu.wofford.woclo.ArgumentParserTest" time="0.105"/>
  <testcase name="testArgumentParserTwoArg()" classname="edu.wofford.woclo.ArgumentParserTest" time="0.006"/>
  <system-out><![CDATA[]]></system-out>
  <system-err><![CDATA[]]></system-err>
</testsuite>
